2024-10-11 11:30:42,754;Capella;7.0.0.202407091438;Open+Session;DarkFarmers.aird;;
2024-10-11 11:30:50,706;Capella;7.0.0.202407091438;Open+Session;DarkFarmers.aird;OK;
2024-10-11 11:34:26,817;Capella;7.0.0.202407091438;Create+Representation;Operational+Capabilities+Blank;;e8bd86a7-dfce-4e4c-abac-d2ca99850db2
2024-10-11 11:34:30,864;Capella;7.0.0.202407091438;Create+Representation;Operational+Capabilities+Blank;;e8bd86a7-dfce-4e4c-abac-d2ca99850db2
2024-10-11 11:34:31,607;Capella;7.0.0.202407091438;Create+Representation;Operational+Capabilities+Blank;OK;e8bd86a7-dfce-4e4c-abac-d2ca99850db2
2024-10-11 11:34:37,529;Capella;7.0.0.202407091438;Create+Representation;Operational+Capabilities+Blank;OK;e8bd86a7-dfce-4e4c-abac-d2ca99850db2
2024-10-19 20:21:42,757;Capella;7.0.0.202407091438;Create+Representation;Operational+Entity+Breakdown;;e60f64bd-4830-4092-b3f3-fbba120ff8cb
2024-10-19 20:21:51,603;Capella;7.0.0.202407091438;Create+Representation;Operational+Entity+Breakdown;;e60f64bd-4830-4092-b3f3-fbba120ff8cb
2024-10-19 20:21:51,728;Capella;7.0.0.202407091438;Create+Representation;Operational+Entity+Breakdown;OK;e60f64bd-4830-4092-b3f3-fbba120ff8cb
2024-10-19 20:21:52,606;Capella;7.0.0.202407091438;Create+Representation;Operational+Entity+Breakdown;OK;e60f64bd-4830-4092-b3f3-fbba120ff8cb
2024-10-19 20:25:49,000;Capella;7.0.0.202407091438;Create+Representation;Operational+Capabilities+Blank;;e8bd86a7-dfce-4e4c-abac-d2ca99850db2
2024-10-19 20:25:50,841;Capella;7.0.0.202407091438;Create+Representation;Operational+Capabilities+Blank;;e8bd86a7-dfce-4e4c-abac-d2ca99850db2
2024-10-19 20:25:50,859;Capella;7.0.0.202407091438;Create+Representation;Operational+Capabilities+Blank;OK;e8bd86a7-dfce-4e4c-abac-d2ca99850db2
2024-10-19 20:25:51,029;Capella;7.0.0.202407091438;Create+Representation;Operational+Capabilities+Blank;OK;e8bd86a7-dfce-4e4c-abac-d2ca99850db2
2024-10-19 20:28:51,777;Capella;7.0.0.202407091438;Open+Representation;;;
2024-10-19 20:28:51,955;Capella;7.0.0.202407091438;Open+Representation;;OK;
2024-10-20 12:50:31,496;Capella;7.0.0.202407091438;Create+Representation;Operational+Capabilities+Blank;;e8bd86a7-dfce-4e4c-abac-d2ca99850db2
2024-10-20 12:50:33,144;Capella;7.0.0.202407091438;Create+Representation;Operational+Capabilities+Blank;OK;e8bd86a7-dfce-4e4c-abac-d2ca99850db2
2024-10-20 12:50:51,837;Capella;7.0.0.202407091438;Open+Representation;;;
2024-10-20 12:50:52,042;Capella;7.0.0.202407091438;Open+Representation;;OK;
2024-10-20 12:50:55,774;Capella;7.0.0.202407091438;Open+Representation;;;
2024-10-20 12:50:55,975;Capella;7.0.0.202407091438;Open+Representation;;OK;
2024-10-20 12:51:14,073;Capella;7.0.0.202407091438;Create+Representation;Operational+Capabilities+Blank;;e8bd86a7-dfce-4e4c-abac-d2ca99850db2
2024-10-20 12:51:16,298;Capella;7.0.0.202407091438;Create+Representation;Operational+Capabilities+Blank;;e8bd86a7-dfce-4e4c-abac-d2ca99850db2
2024-10-20 12:51:16,318;Capella;7.0.0.202407091438;Create+Representation;Operational+Capabilities+Blank;OK;e8bd86a7-dfce-4e4c-abac-d2ca99850db2
2024-10-20 12:51:16,471;Capella;7.0.0.202407091438;Create+Representation;Operational+Capabilities+Blank;OK;e8bd86a7-dfce-4e4c-abac-d2ca99850db2
2024-10-20 12:51:58,003;Capella;7.0.0.202407091438;Open+Representation;;;
2024-10-20 12:51:58,112;Capella;7.0.0.202407091438;Open+Representation;;OK;
2024-10-20 12:51:59,553;Capella;7.0.0.202407091438;Open+Representation;;;
2024-10-20 12:51:59,649;Capella;7.0.0.202407091438;Open+Representation;;OK;
2024-10-20 12:59:46,378;Capella;7.0.0.202407091438;Create+Representation;Operational+Capabilities+Blank;;e8bd86a7-dfce-4e4c-abac-d2ca99850db2
2024-10-20 12:59:48,081;Capella;7.0.0.202407091438;Create+Representation;Operational+Capabilities+Blank;;e8bd86a7-dfce-4e4c-abac-d2ca99850db2
2024-10-20 12:59:48,116;Capella;7.0.0.202407091438;Create+Representation;Operational+Capabilities+Blank;OK;e8bd86a7-dfce-4e4c-abac-d2ca99850db2
2024-10-20 12:59:48,367;Capella;7.0.0.202407091438;Create+Representation;Operational+Capabilities+Blank;OK;e8bd86a7-dfce-4e4c-abac-d2ca99850db2
2024-10-20 13:35:35,753;Capella;7.0.0.202407091438;Open+Representation;;;
2024-10-20 13:35:35,960;Capella;7.0.0.202407091438;Open+Representation;;OK;
2024-10-20 13:35:37,022;Capella;7.0.0.202407091438;Open+Representation;;;
2024-10-20 13:35:37,128;Capella;7.0.0.202407091438;Open+Representation;;OK;
2024-10-20 13:35:38,443;Capella;7.0.0.202407091438;Open+Representation;;;
2024-10-20 13:35:38,535;Capella;7.0.0.202407091438;Open+Representation;;OK;
2024-10-20 13:35:39,721;Capella;7.0.0.202407091438;Open+Representation;;;
2024-10-20 13:35:39,818;Capella;7.0.0.202407091438;Open+Representation;;OK;
2024-10-25 12:36:52,783;Capella;7.0.0.202407091438;Open+Representation;;;
2024-10-25 12:36:54,183;Capella;7.0.0.202407091438;Open+Representation;;OK;
2024-10-25 12:37:39,107;Capella;7.0.0.202407091438;Close+Session;DarkFarmers.aird;;
2024-10-25 12:37:39,511;Capella;7.0.0.202407091438;Close+Session;DarkFarmers.aird;OK;
2024-10-25 12:42:38,685;Capella;7.0.0.202407091438;Open+Session;DarkFarmers.aird;;
2024-10-25 12:42:42,035;Capella;7.0.0.202407091438;Open+Session;DarkFarmers.aird;OK;
2024-10-25 12:43:04,559;Capella;7.0.0.202407091438;Open+Representation;;;
2024-10-25 12:43:05,711;Capella;7.0.0.202407091438;Open+Representation;;OK;
2024-11-08 08:47:15,704;Capella;7.0.0.202407091438;Open+Representation;;;
2024-11-08 08:47:16,615;Capella;7.0.0.202407091438;Open+Representation;;OK;
2024-11-08 08:48:41,661;Capella;7.0.0.202407091438;Open+Representation;;;
2024-11-08 08:48:42,494;Capella;7.0.0.202407091438;Open+Representation;;OK;
2024-11-08 08:48:46,861;Capella;7.0.0.202407091438;Open+Representation;;;
2024-11-08 08:48:47,233;Capella;7.0.0.202407091438;Open+Representation;;OK;
2024-11-08 08:48:48,753;Capella;7.0.0.202407091438;Open+Representation;;;
2024-11-08 08:48:49,125;Capella;7.0.0.202407091438;Open+Representation;;OK;
2024-11-08 08:48:50,567;Capella;7.0.0.202407091438;Open+Representation;;;
2024-11-08 08:48:50,898;Capella;7.0.0.202407091438;Open+Representation;;OK;
2024-11-08 08:48:53,208;Capella;7.0.0.202407091438;Open+Representation;;;
2024-11-08 08:48:53,594;Capella;7.0.0.202407091438;Open+Representation;;OK;
2024-11-08 08:49:01,474;Capella;7.0.0.202407091438;Open+Representation;;;
2024-11-08 08:49:01,555;Capella;7.0.0.202407091438;Open+Representation;;OK;
2024-11-08 08:49:03,076;Capella;7.0.0.202407091438;Open+Representation;;;
2024-11-08 08:49:03,427;Capella;7.0.0.202407091438;Open+Representation;;OK;
2024-11-08 08:49:04,088;Capella;7.0.0.202407091438;Open+Representation;;;
2024-11-08 08:49:04,464;Capella;7.0.0.202407091438;Open+Representation;;OK;
