2024-10-11 11:30:42,754;Capella;7.0.0.202407091438;Open+Session;DarkFarmers.aird;;
2024-10-11 11:30:50,706;Capella;7.0.0.202407091438;Open+Session;DarkFarmers.aird;OK;
2024-10-11 11:34:26,817;Capella;7.0.0.202407091438;Create+Representation;Operational+Capabilities+Blank;;e8bd86a7-dfce-4e4c-abac-d2ca99850db2
2024-10-11 11:34:30,864;Capella;7.0.0.202407091438;Create+Representation;Operational+Capabilities+Blank;;e8bd86a7-dfce-4e4c-abac-d2ca99850db2
2024-10-11 11:34:31,607;Capella;7.0.0.202407091438;Create+Representation;Operational+Capabilities+Blank;OK;e8bd86a7-dfce-4e4c-abac-d2ca99850db2
2024-10-11 11:34:37,529;Capella;7.0.0.202407091438;Create+Representation;Operational+Capabilities+Blank;OK;e8bd86a7-dfce-4e4c-abac-d2ca99850db2
2024-10-19 20:21:42,757;Capella;7.0.0.202407091438;Create+Representation;Operational+Entity+Breakdown;;e60f64bd-4830-4092-b3f3-fbba120ff8cb
2024-10-19 20:21:51,603;Capella;7.0.0.202407091438;Create+Representation;Operational+Entity+Breakdown;;e60f64bd-4830-4092-b3f3-fbba120ff8cb
2024-10-19 20:21:51,728;Capella;7.0.0.202407091438;Create+Representation;Operational+Entity+Breakdown;OK;e60f64bd-4830-4092-b3f3-fbba120ff8cb
2024-10-19 20:21:52,606;Capella;7.0.0.202407091438;Create+Representation;Operational+Entity+Breakdown;OK;e60f64bd-4830-4092-b3f3-fbba120ff8cb
2024-10-19 20:25:49,000;Capella;7.0.0.202407091438;Create+Representation;Operational+Capabilities+Blank;;e8bd86a7-dfce-4e4c-abac-d2ca99850db2
2024-10-19 20:25:50,841;Capella;7.0.0.202407091438;Create+Representation;Operational+Capabilities+Blank;;e8bd86a7-dfce-4e4c-abac-d2ca99850db2
2024-10-19 20:25:50,859;Capella;7.0.0.202407091438;Create+Representation;Operational+Capabilities+Blank;OK;e8bd86a7-dfce-4e4c-abac-d2ca99850db2
2024-10-19 20:25:51,029;Capella;7.0.0.202407091438;Create+Representation;Operational+Capabilities+Blank;OK;e8bd86a7-dfce-4e4c-abac-d2ca99850db2
2024-10-19 20:28:51,777;Capella;7.0.0.202407091438;Open+Representation;;;
2024-10-19 20:28:51,955;Capella;7.0.0.202407091438;Open+Representation;;OK;
2024-10-20 12:50:31,496;Capella;7.0.0.202407091438;Create+Representation;Operational+Capabilities+Blank;;e8bd86a7-dfce-4e4c-abac-d2ca99850db2
2024-10-20 12:50:33,144;Capella;7.0.0.202407091438;Create+Representation;Operational+Capabilities+Blank;OK;e8bd86a7-dfce-4e4c-abac-d2ca99850db2
2024-10-20 12:50:51,837;Capella;7.0.0.202407091438;Open+Representation;;;
2024-10-20 12:50:52,042;Capella;7.0.0.202407091438;Open+Representation;;OK;
2024-10-20 12:50:55,774;Capella;7.0.0.202407091438;Open+Representation;;;
2024-10-20 12:50:55,975;Capella;7.0.0.202407091438;Open+Representation;;OK;
2024-10-20 12:51:14,073;Capella;7.0.0.202407091438;Create+Representation;Operational+Capabilities+Blank;;e8bd86a7-dfce-4e4c-abac-d2ca99850db2
2024-10-20 12:51:16,298;Capella;7.0.0.202407091438;Create+Representation;Operational+Capabilities+Blank;;e8bd86a7-dfce-4e4c-abac-d2ca99850db2
2024-10-20 12:51:16,318;Capella;7.0.0.202407091438;Create+Representation;Operational+Capabilities+Blank;OK;e8bd86a7-dfce-4e4c-abac-d2ca99850db2
2024-10-20 12:51:16,471;Capella;7.0.0.202407091438;Create+Representation;Operational+Capabilities+Blank;OK;e8bd86a7-dfce-4e4c-abac-d2ca99850db2
2024-10-20 12:51:58,003;Capella;7.0.0.202407091438;Open+Representation;;;
2024-10-20 12:51:58,112;Capella;7.0.0.202407091438;Open+Representation;;OK;
2024-10-20 12:51:59,553;Capella;7.0.0.202407091438;Open+Representation;;;
2024-10-20 12:51:59,649;Capella;7.0.0.202407091438;Open+Representation;;OK;
2024-10-20 12:59:46,378;Capella;7.0.0.202407091438;Create+Representation;Operational+Capabilities+Blank;;e8bd86a7-dfce-4e4c-abac-d2ca99850db2
2024-10-20 12:59:48,081;Capella;7.0.0.202407091438;Create+Representation;Operational+Capabilities+Blank;;e8bd86a7-dfce-4e4c-abac-d2ca99850db2
2024-10-20 12:59:48,116;Capella;7.0.0.202407091438;Create+Representation;Operational+Capabilities+Blank;OK;e8bd86a7-dfce-4e4c-abac-d2ca99850db2
2024-10-20 12:59:48,367;Capella;7.0.0.202407091438;Create+Representation;Operational+Capabilities+Blank;OK;e8bd86a7-dfce-4e4c-abac-d2ca99850db2
2024-10-20 13:35:35,753;Capella;7.0.0.202407091438;Open+Representation;;;
2024-10-20 13:35:35,960;Capella;7.0.0.202407091438;Open+Representation;;OK;
2024-10-20 13:35:37,022;Capella;7.0.0.202407091438;Open+Representation;;;
2024-10-20 13:35:37,128;Capella;7.0.0.202407091438;Open+Representation;;OK;
2024-10-20 13:35:38,443;Capella;7.0.0.202407091438;Open+Representation;;;
2024-10-20 13:35:38,535;Capella;7.0.0.202407091438;Open+Representation;;OK;
2024-10-20 13:35:39,721;Capella;7.0.0.202407091438;Open+Representation;;;
2024-10-20 13:35:39,818;Capella;7.0.0.202407091438;Open+Representation;;OK;
