2024-12-30 16:47:37,602;Capella;7.0.0.202407091438;Open+Session;DarkFarmers.aird;;
2024-12-30 16:47:42,733;Capella;7.0.0.202407091438;Open+Session;DarkFarmers.aird;OK;
2024-12-30 16:48:13,427;Capella;7.0.0.202407091438;Open+Representation;;;
2024-12-30 16:48:16,007;Capella;7.0.0.202407091438;Open+Representation;;OK;
2024-12-30 17:07:46,434;Capella;7.0.0.202407091438;Open+Representation;;;
2024-12-30 17:07:47,155;Capella;7.0.0.202407091438;Open+Representation;;OK;
2024-12-30 17:08:10,708;Capella;7.0.0.202407091438;Open+Representation;;;
2024-12-30 17:08:11,099;Capella;7.0.0.202407091438;Open+Representation;;OK;
2024-12-30 17:08:17,472;Capella;7.0.0.202407091438;Open+Representation;;;
2024-12-30 17:08:17,941;Capella;7.0.0.202407091438;Open+Representation;;OK;
2024-12-30 17:08:23,548;Capella;7.0.0.202407091438;Open+Representation;;;
2024-12-30 17:08:24,003;Capella;7.0.0.202407091438;Open+Representation;;OK;
2024-12-30 17:08:35,747;Capella;7.0.0.202407091438;Open+Representation;;;
2024-12-30 17:08:36,347;Capella;7.0.0.202407091438;Open+Representation;;OK;
2024-12-30 17:10:31,485;Capella;7.0.0.202407091438;Open+Representation;;;
2024-12-30 17:10:32,303;Capella;7.0.0.202407091438;Open+Representation;;OK;
2025-01-04 10:17:21,896;Capella;7.0.0.202407091438;Open+Representation;;;
2025-01-04 10:17:25,102;Capella;7.0.0.202407091438;Open+Representation;;OK;
2025-01-04 10:21:14,831;Capella;7.0.0.202407091438;Open+Representation;;;
2025-01-04 10:21:16,075;Capella;7.0.0.202407091438;Open+Representation;;OK;
2025-01-04 10:21:48,639;Capella;7.0.0.202407091438;Open+Representation;;;
2025-01-04 10:21:51,899;Capella;7.0.0.202407091438;Open+Representation;;OK;
2025-01-04 10:58:42,360;Capella;7.0.0.202407091438;Open+Representation;;;
2025-01-04 10:58:43,386;Capella;7.0.0.202407091438;Open+Representation;;OK;
2025-01-04 11:00:31,837;Capella;7.0.0.202407091438;Transition;Functional+Transition;;
2025-01-04 11:00:42,008;Capella;7.0.0.202407091438;Transition;Functional+Transition;OK;
2025-01-04 11:04:23,202;Capella;7.0.0.202407091438;Transition;LC+%2F+LA+to+PC+%2F+PA+Transition;;
2025-01-04 11:04:26,186;Capella;7.0.0.202407091438;Transition;LC+%2F+LA+to+PC+%2F+PA+Transition;OK;
2025-01-04 11:11:43,209;Capella;7.0.0.202407091438;Transition;LC+%2F+LA+to+PC+%2F+PA+Transition;;
2025-01-04 11:11:55,045;Capella;7.0.0.202407091438;Transition;LC+%2F+LA+to+PC+%2F+PA+Transition;OK;
2025-01-04 11:11:56,438;Capella;7.0.0.202407091438;Transition;Functional+Transition;;
2025-01-04 11:11:58,234;Capella;7.0.0.202407091438;Transition;Functional+Transition;OK;
2025-01-04 11:12:02,764;Capella;7.0.0.202407091438;Transition;Capability+Transition;;
2025-01-04 11:12:05,070;Capella;7.0.0.202407091438;Transition;Capability+Transition;OK;
2025-01-04 11:23:20,573;Capella;7.0.0.202407091438;Transition;Functional+Transition;;
2025-01-04 11:23:23,271;Capella;7.0.0.202407091438;Transition;Functional+Transition;OK;
2025-01-04 11:23:25,624;Capella;7.0.0.202407091438;Transition;Actor+Transition;;
2025-01-04 11:23:39,127;Capella;7.0.0.202407091438;Transition;Actor+Transition;OK;
